{
  "stats": {
    "suites": 2,
    "tests": 1,
    "passes": 1,
    "pending": 0,
    "failures": 0,
    "start": "2017-09-05T18:21:40.798Z",
    "end": "2017-09-05T18:21:40.952Z",
    "duration": 154,
    "testsRegistered": 1,
    "passPercent": 100,
    "pendingPercent": 0,
    "other": 0,
    "hasOther": false,
    "skipped": 0,
    "hasSkipped": false,
    "passPercentClass": "success",
    "pendingPercentClass": "danger"
  },
  "suites": {
    "title": "",
    "suites": [
      {
        "title": "Call to GET server status at /server-status endpoint",
        "suites": [
          {
            "title": "#200",
            "suites": [],
            "tests": [
              {
                "title": "should return the expected response",
                "fullTitle": "Call to GET server status at /server-status endpoint #200 should return the expected response",
                "timedOut": false,
                "duration": 43,
                "state": "passed",
                "speed": "medium",
                "pass": true,
                "fail": false,
                "pending": false,
                "code": "_testing2.default.get('/server-status').end(function (err, res) {\n    expect(res).to.have.status(200);\n    expect(res.type).to.eql('application/json');\n    expect(res.body.status).to.eql('ok');\n    done();\n});",
                "err": {},
                "isRoot": false,
                "uuid": "cc6f4fcd-7714-423f-be95-9debc89cf778",
                "parentUUID": "0650ad15-31e8-478b-98e7-ae1a465eca4f",
                "isHook": false,
                "skipped": false
              }
            ],
            "pending": [],
            "root": false,
            "_timeout": 10000,
            "file": "/tests/scenarios/http.requests/get.server-startus.requests.test.js",
            "uuid": "0650ad15-31e8-478b-98e7-ae1a465eca4f",
            "beforeHooks": [],
            "afterHooks": [],
            "fullFile": "/Users/kojohinson/LightwaveRF/dev/sandbox/generic-component-template/tests/scenarios/http.requests/get.server-startus.requests.test.js",
            "passes": [
              {
                "title": "should return the expected response",
                "fullTitle": "Call to GET server status at /server-status endpoint #200 should return the expected response",
                "timedOut": false,
                "duration": 43,
                "state": "passed",
                "speed": "medium",
                "pass": true,
                "fail": false,
                "pending": false,
                "code": "_testing2.default.get('/server-status').end(function (err, res) {\n    expect(res).to.have.status(200);\n    expect(res.type).to.eql('application/json');\n    expect(res.body.status).to.eql('ok');\n    done();\n});",
                "err": {},
                "isRoot": false,
                "uuid": "cc6f4fcd-7714-423f-be95-9debc89cf778",
                "parentUUID": "0650ad15-31e8-478b-98e7-ae1a465eca4f",
                "isHook": false,
                "skipped": false
              }
            ],
            "failures": [],
            "skipped": [],
            "hasBeforeHooks": false,
            "hasAfterHooks": false,
            "hasTests": true,
            "hasSuites": false,
            "totalTests": 1,
            "totalPasses": 1,
            "totalFailures": 0,
            "totalPending": 0,
            "totalSkipped": 0,
            "hasPasses": true,
            "hasFailures": false,
            "hasPending": false,
            "hasSkipped": false,
            "duration": 43,
            "rootEmpty": false
          }
        ],
        "tests": [],
        "pending": [],
        "root": false,
        "_timeout": 10000,
        "file": "/tests/scenarios/http.requests/get.server-startus.requests.test.js",
        "uuid": "06e41636-0f46-45a1-8c79-b982b49ef09a",
        "beforeHooks": [],
        "afterHooks": [],
        "fullFile": "/Users/kojohinson/LightwaveRF/dev/sandbox/generic-component-template/tests/scenarios/http.requests/get.server-startus.requests.test.js",
        "passes": [],
        "failures": [],
        "skipped": [],
        "hasBeforeHooks": false,
        "hasAfterHooks": false,
        "hasTests": false,
        "hasSuites": true,
        "totalTests": 0,
        "totalPasses": 0,
        "totalFailures": 0,
        "totalPending": 0,
        "totalSkipped": 0,
        "hasPasses": false,
        "hasFailures": false,
        "hasPending": false,
        "hasSkipped": false,
        "duration": 0,
        "rootEmpty": false
      }
    ],
    "tests": [],
    "pending": [],
    "root": true,
    "_timeout": 10000,
    "uuid": "94293073-a07b-4770-b3ef-6259f109ddef",
    "beforeHooks": [],
    "afterHooks": [],
    "fullFile": "",
    "file": "",
    "passes": [],
    "failures": [],
    "skipped": [],
    "hasBeforeHooks": false,
    "hasAfterHooks": false,
    "hasTests": false,
    "hasSuites": true,
    "totalTests": 0,
    "totalPasses": 0,
    "totalFailures": 0,
    "totalPending": 0,
    "totalSkipped": 0,
    "hasPasses": false,
    "hasFailures": false,
    "hasPending": false,
    "hasSkipped": false,
    "duration": 0,
    "rootEmpty": true
  },
  "allTests": [
    {
      "title": "should return the expected response",
      "fullTitle": "#200 should return the expected response",
      "timedOut": false,
      "duration": 43,
      "state": "passed",
      "speed": "medium",
      "pass": true,
      "fail": false,
      "pending": false,
      "code": "_testing2.default.get('/server-status').end(function (err, res) {\n    expect(res).to.have.status(200);\n    expect(res.type).to.eql('application/json');\n    expect(res.body.status).to.eql('ok');\n    done();\n});",
      "err": {},
      "isRoot": false,
      "uuid": "cc6f4fcd-7714-423f-be95-9debc89cf778",
      "parentUUID": "0650ad15-31e8-478b-98e7-ae1a465eca4f",
      "isHook": false,
      "skipped": false
    }
  ],
  "allPending": [],
  "allPasses": [
    {
      "title": "should return the expected response",
      "fullTitle": "#200 should return the expected response",
      "timedOut": false,
      "duration": 43,
      "state": "passed",
      "speed": "medium",
      "pass": true,
      "fail": false,
      "pending": false,
      "code": "_testing2.default.get('/server-status').end(function (err, res) {\n    expect(res).to.have.status(200);\n    expect(res.type).to.eql('application/json');\n    expect(res.body.status).to.eql('ok');\n    done();\n});",
      "err": {},
      "isRoot": false,
      "uuid": "cc6f4fcd-7714-423f-be95-9debc89cf778",
      "parentUUID": "0650ad15-31e8-478b-98e7-ae1a465eca4f",
      "isHook": false,
      "skipped": false
    }
  ],
  "allFailures": [],
  "copyrightYear": 2017
}