{
  "stats": {
    "suites": 2,
    "tests": 1,
    "passes": 1,
    "pending": 0,
    "failures": 0,
    "start": "2017-09-05T18:25:01.455Z",
    "end": "2017-09-05T18:25:01.508Z",
    "duration": 53,
    "testsRegistered": 1,
    "passPercent": 100,
    "pendingPercent": 0,
    "other": 0,
    "hasOther": false,
    "skipped": 0,
    "hasSkipped": false,
    "passPercentClass": "success",
    "pendingPercentClass": "danger"
  },
  "suites": {
    "title": "",
    "suites": [
      {
        "title": "Call to GET server status at /server-status endpoint",
        "suites": [
          {
            "title": "#200",
            "suites": [],
            "tests": [
              {
                "title": "should return the expected response",
                "fullTitle": "Call to GET server status at /server-status endpoint #200 should return the expected response",
                "timedOut": false,
                "duration": 43,
                "state": "passed",
                "speed": "medium",
                "pass": true,
                "fail": false,
                "pending": false,
                "code": "_testing2.default.get('/server-status').end(function (err, res) {\n    expect(res).to.have.status(200);\n    expect(res.type).to.eql('application/json');\n    expect(res.body.status).to.eql('ok');\n    done();\n});",
                "err": {},
                "isRoot": false,
                "uuid": "93e8aee2-2faf-4a8b-b8f2-3282a41ddd8e",
                "parentUUID": "e939b480-6f77-4388-8794-31094bb8d7ad",
                "isHook": false,
                "skipped": false
              }
            ],
            "pending": [],
            "root": false,
            "_timeout": 10000,
            "file": "/tests/scenarios/http.requests/get.server-startus.requests.test.js",
            "uuid": "e939b480-6f77-4388-8794-31094bb8d7ad",
            "beforeHooks": [],
            "afterHooks": [],
            "fullFile": "/Users/kojohinson/LightwaveRF/dev/sandbox/generic-component-template/tests/scenarios/http.requests/get.server-startus.requests.test.js",
            "passes": [
              {
                "title": "should return the expected response",
                "fullTitle": "Call to GET server status at /server-status endpoint #200 should return the expected response",
                "timedOut": false,
                "duration": 43,
                "state": "passed",
                "speed": "medium",
                "pass": true,
                "fail": false,
                "pending": false,
                "code": "_testing2.default.get('/server-status').end(function (err, res) {\n    expect(res).to.have.status(200);\n    expect(res.type).to.eql('application/json');\n    expect(res.body.status).to.eql('ok');\n    done();\n});",
                "err": {},
                "isRoot": false,
                "uuid": "93e8aee2-2faf-4a8b-b8f2-3282a41ddd8e",
                "parentUUID": "e939b480-6f77-4388-8794-31094bb8d7ad",
                "isHook": false,
                "skipped": false
              }
            ],
            "failures": [],
            "skipped": [],
            "hasBeforeHooks": false,
            "hasAfterHooks": false,
            "hasTests": true,
            "hasSuites": false,
            "totalTests": 1,
            "totalPasses": 1,
            "totalFailures": 0,
            "totalPending": 0,
            "totalSkipped": 0,
            "hasPasses": true,
            "hasFailures": false,
            "hasPending": false,
            "hasSkipped": false,
            "duration": 43,
            "rootEmpty": false
          }
        ],
        "tests": [],
        "pending": [],
        "root": false,
        "_timeout": 10000,
        "file": "/tests/scenarios/http.requests/get.server-startus.requests.test.js",
        "uuid": "afa26180-87a9-4809-a0bb-7b426d7dc123",
        "beforeHooks": [],
        "afterHooks": [],
        "fullFile": "/Users/kojohinson/LightwaveRF/dev/sandbox/generic-component-template/tests/scenarios/http.requests/get.server-startus.requests.test.js",
        "passes": [],
        "failures": [],
        "skipped": [],
        "hasBeforeHooks": false,
        "hasAfterHooks": false,
        "hasTests": false,
        "hasSuites": true,
        "totalTests": 0,
        "totalPasses": 0,
        "totalFailures": 0,
        "totalPending": 0,
        "totalSkipped": 0,
        "hasPasses": false,
        "hasFailures": false,
        "hasPending": false,
        "hasSkipped": false,
        "duration": 0,
        "rootEmpty": false
      }
    ],
    "tests": [],
    "pending": [],
    "root": true,
    "_timeout": 10000,
    "uuid": "08aeff40-5722-420e-bf89-d6b57930d5ad",
    "beforeHooks": [],
    "afterHooks": [],
    "fullFile": "",
    "file": "",
    "passes": [],
    "failures": [],
    "skipped": [],
    "hasBeforeHooks": false,
    "hasAfterHooks": false,
    "hasTests": false,
    "hasSuites": true,
    "totalTests": 0,
    "totalPasses": 0,
    "totalFailures": 0,
    "totalPending": 0,
    "totalSkipped": 0,
    "hasPasses": false,
    "hasFailures": false,
    "hasPending": false,
    "hasSkipped": false,
    "duration": 0,
    "rootEmpty": true
  },
  "allTests": [
    {
      "title": "should return the expected response",
      "fullTitle": "#200 should return the expected response",
      "timedOut": false,
      "duration": 43,
      "state": "passed",
      "speed": "medium",
      "pass": true,
      "fail": false,
      "pending": false,
      "code": "_testing2.default.get('/server-status').end(function (err, res) {\n    expect(res).to.have.status(200);\n    expect(res.type).to.eql('application/json');\n    expect(res.body.status).to.eql('ok');\n    done();\n});",
      "err": {},
      "isRoot": false,
      "uuid": "93e8aee2-2faf-4a8b-b8f2-3282a41ddd8e",
      "parentUUID": "e939b480-6f77-4388-8794-31094bb8d7ad",
      "isHook": false,
      "skipped": false
    }
  ],
  "allPending": [],
  "allPasses": [
    {
      "title": "should return the expected response",
      "fullTitle": "#200 should return the expected response",
      "timedOut": false,
      "duration": 43,
      "state": "passed",
      "speed": "medium",
      "pass": true,
      "fail": false,
      "pending": false,
      "code": "_testing2.default.get('/server-status').end(function (err, res) {\n    expect(res).to.have.status(200);\n    expect(res.type).to.eql('application/json');\n    expect(res.body.status).to.eql('ok');\n    done();\n});",
      "err": {},
      "isRoot": false,
      "uuid": "93e8aee2-2faf-4a8b-b8f2-3282a41ddd8e",
      "parentUUID": "e939b480-6f77-4388-8794-31094bb8d7ad",
      "isHook": false,
      "skipped": false
    }
  ],
  "allFailures": [],
  "copyrightYear": 2017
}